  glad.c
c:\program files (x86)\windows kits\10\include\10.0.17134.0\shared\minwindef.h(130): warning C4005: “APIENTRY”: 宏重定义
  c:\program files (x86)\microsoft visual studio\2017\community\vc\tools\msvc\14.16.27023\include\glad\glad.h(32): note: 参见“APIENTRY”的前一个定义
c:\users\21315\desktop\leanopengl\leanopengl\leanopengl\glad.c(271): error C2061: 语法错误: 标识符“glad_glAccum”
c:\users\21315\desktop\leanopengl\leanopengl\leanopengl\glad.c(271): error C2059: 语法错误:“;”
c:\users\21315\desktop\leanopengl\leanopengl\leanopengl\glad.c(271): error C2513: “ ”: 在“=”前没有声明变量
c:\users\21315\desktop\leanopengl\leanopengl\leanopengl\glad.c(273): error C2061: 语法错误: 标识符“glad_glAlphaFunc”
c:\users\21315\desktop\leanopengl\leanopengl\leanopengl\glad.c(273): error C2059: 语法错误:“;”
c:\users\21315\desktop\leanopengl\leanopengl\leanopengl\glad.c(273): error C2513: “ ”: 在“=”前没有声明变量
c:\users\21315\desktop\leanopengl\leanopengl\leanopengl\glad.c(274): error C2061: 语法错误: 标识符“glad_glAreTexturesResident”
c:\users\21315\desktop\leanopengl\leanopengl\leanopengl\glad.c(274): error C2059: 语法错误:“;”
c:\users\21315\desktop\leanopengl\leanopengl\leanopengl\glad.c(274): error C2513: “ ”: 在“=”前没有声明变量
c:\users\21315\desktop\leanopengl\leanopengl\leanopengl\glad.c(275): error C2061: 语法错误: 标识符“glad_glArrayElement”
c:\users\21315\desktop\leanopengl\leanopengl\leanopengl\glad.c(275): error C2059: 语法错误:“;”
c:\users\21315\desktop\leanopengl\leanopengl\leanopengl\glad.c(275): error C2513: “ ”: 在“=”前没有声明变量
c:\users\21315\desktop\leanopengl\leanopengl\leanopengl\glad.c(277): error C2061: 语法错误: 标识符“glad_glBegin”
c:\users\21315\desktop\leanopengl\leanopengl\leanopengl\glad.c(277): error C2059: 语法错误:“;”
c:\users\21315\desktop\leanopengl\leanopengl\leanopengl\glad.c(277): error C2513: “ ”: 在“=”前没有声明变量
c:\users\21315\desktop\leanopengl\leanopengl\leanopengl\glad.c(292): error C2061: 语法错误: 标识符“glad_glBitmap”
c:\users\21315\desktop\leanopengl\leanopengl\leanopengl\glad.c(292): error C2059: 语法错误:“;”
c:\users\21315\desktop\leanopengl\leanopengl\leanopengl\glad.c(292): error C2513: “ ”: 在“=”前没有声明变量
c:\users\21315\desktop\leanopengl\leanopengl\leanopengl\glad.c(301): error C2061: 语法错误: 标识符“glad_glCallList”
c:\users\21315\desktop\leanopengl\leanopengl\leanopengl\glad.c(301): error C2059: 语法错误:“;”
c:\users\21315\desktop\leanopengl\leanopengl\leanopengl\glad.c(301): error C2513: “ ”: 在“=”前没有声明变量
c:\users\21315\desktop\leanopengl\leanopengl\leanopengl\glad.c(302): error C2061: 语法错误: 标识符“glad_glCallLists”
c:\users\21315\desktop\leanopengl\leanopengl\leanopengl\glad.c(302): error C2059: 语法错误:“;”
c:\users\21315\desktop\leanopengl\leanopengl\leanopengl\glad.c(302): error C2513: “ ”: 在“=”前没有声明变量
c:\users\21315\desktop\leanopengl\leanopengl\leanopengl\glad.c(306): error C2061: 语法错误: 标识符“glad_glClearAccum”
c:\users\21315\desktop\leanopengl\leanopengl\leanopengl\glad.c(306): error C2059: 语法错误:“;”
c:\users\21315\desktop\leanopengl\leanopengl\leanopengl\glad.c(306): error C2513: “ ”: 在“=”前没有声明变量
c:\users\21315\desktop\leanopengl\leanopengl\leanopengl\glad.c(313): error C2061: 语法错误: 标识符“glad_glClearIndex”
c:\users\21315\desktop\leanopengl\leanopengl\leanopengl\glad.c(313): error C2059: 语法错误:“;”
c:\users\21315\desktop\leanopengl\leanopengl\leanopengl\glad.c(313): error C2513: “ ”: 在“=”前没有声明变量
c:\users\21315\desktop\leanopengl\leanopengl\leanopengl\glad.c(315): error C2061: 语法错误: 标识符“glad_glClientActiveTexture”
c:\users\21315\desktop\leanopengl\leanopengl\leanopengl\glad.c(315): error C2059: 语法错误:“;”
c:\users\21315\desktop\leanopengl\leanopengl\leanopengl\glad.c(315): error C2513: “ ”: 在“=”前没有声明变量
c:\users\21315\desktop\leanopengl\leanopengl\leanopengl\glad.c(317): error C2061: 语法错误: 标识符“glad_glClipPlane”
c:\users\21315\desktop\leanopengl\leanopengl\leanopengl\glad.c(317): error C2059: 语法错误:“;”
c:\users\21315\desktop\leanopengl\leanopengl\leanopengl\glad.c(317): error C2513: “ ”: 在“=”前没有声明变量
c:\users\21315\desktop\leanopengl\leanopengl\leanopengl\glad.c(318): error C2061: 语法错误: 标识符“glad_glColor3b”
c:\users\21315\desktop\leanopengl\leanopengl\leanopengl\glad.c(318): error C2059: 语法错误:“;”
c:\users\21315\desktop\leanopengl\leanopengl\leanopengl\glad.c(318): error C2513: “ ”: 在“=”前没有声明变量
c:\users\21315\desktop\leanopengl\leanopengl\leanopengl\glad.c(319): error C2061: 语法错误: 标识符“glad_glColor3bv”
c:\users\21315\desktop\leanopengl\leanopengl\leanopengl\glad.c(319): error C2059: 语法错误:“;”
c:\users\21315\desktop\leanopengl\leanopengl\leanopengl\glad.c(319): error C2513: “ ”: 在“=”前没有声明变量
c:\users\21315\desktop\leanopengl\leanopengl\leanopengl\glad.c(320): error C2061: 语法错误: 标识符“glad_glColor3d”
c:\users\21315\desktop\leanopengl\leanopengl\leanopengl\glad.c(320): error C2059: 语法错误:“;”
c:\users\21315\desktop\leanopengl\leanopengl\leanopengl\glad.c(320): error C2513: “ ”: 在“=”前没有声明变量
c:\users\21315\desktop\leanopengl\leanopengl\leanopengl\glad.c(321): error C2061: 语法错误: 标识符“glad_glColor3dv”
c:\users\21315\desktop\leanopengl\leanopengl\leanopengl\glad.c(321): error C2059: 语法错误:“;”
c:\users\21315\desktop\leanopengl\leanopengl\leanopengl\glad.c(321): error C2513: “ ”: 在“=”前没有声明变量
c:\users\21315\desktop\leanopengl\leanopengl\leanopengl\glad.c(322): error C2061: 语法错误: 标识符“glad_glColor3f”
c:\users\21315\desktop\leanopengl\leanopengl\leanopengl\glad.c(322): error C2059: 语法错误:“;”
c:\users\21315\desktop\leanopengl\leanopengl\leanopengl\glad.c(322): error C2513: “ ”: 在“=”前没有声明变量
c:\users\21315\desktop\leanopengl\leanopengl\leanopengl\glad.c(323): error C2061: 语法错误: 标识符“glad_glColor3fv”
c:\users\21315\desktop\leanopengl\leanopengl\leanopengl\glad.c(323): error C2059: 语法错误:“;”
c:\users\21315\desktop\leanopengl\leanopengl\leanopengl\glad.c(323): error C2513: “ ”: 在“=”前没有声明变量
c:\users\21315\desktop\leanopengl\leanopengl\leanopengl\glad.c(324): error C2061: 语法错误: 标识符“glad_glColor3i”
c:\users\21315\desktop\leanopengl\leanopengl\leanopengl\glad.c(324): error C2059: 语法错误:“;”
c:\users\21315\desktop\leanopengl\leanopengl\leanopengl\glad.c(324): error C2513: “ ”: 在“=”前没有声明变量
c:\users\21315\desktop\leanopengl\leanopengl\leanopengl\glad.c(325): error C2061: 语法错误: 标识符“glad_glColor3iv”
c:\users\21315\desktop\leanopengl\leanopengl\leanopengl\glad.c(325): error C2059: 语法错误:“;”
c:\users\21315\desktop\leanopengl\leanopengl\leanopengl\glad.c(325): error C2513: “ ”: 在“=”前没有声明变量
c:\users\21315\desktop\leanopengl\leanopengl\leanopengl\glad.c(326): error C2061: 语法错误: 标识符“glad_glColor3s”
c:\users\21315\desktop\leanopengl\leanopengl\leanopengl\glad.c(326): error C2059: 语法错误:“;”
c:\users\21315\desktop\leanopengl\leanopengl\leanopengl\glad.c(326): error C2513: “ ”: 在“=”前没有声明变量
c:\users\21315\desktop\leanopengl\leanopengl\leanopengl\glad.c(327): error C2061: 语法错误: 标识符“glad_glColor3sv”
c:\users\21315\desktop\leanopengl\leanopengl\leanopengl\glad.c(327): error C2059: 语法错误:“;”
c:\users\21315\desktop\leanopengl\leanopengl\leanopengl\glad.c(327): error C2513: “ ”: 在“=”前没有声明变量
c:\users\21315\desktop\leanopengl\leanopengl\leanopengl\glad.c(328): error C2061: 语法错误: 标识符“glad_glColor3ub”
c:\users\21315\desktop\leanopengl\leanopengl\leanopengl\glad.c(328): error C2059: 语法错误:“;”
c:\users\21315\desktop\leanopengl\leanopengl\leanopengl\glad.c(328): error C2513: “ ”: 在“=”前没有声明变量
c:\users\21315\desktop\leanopengl\leanopengl\leanopengl\glad.c(329): error C2061: 语法错误: 标识符“glad_glColor3ubv”
c:\users\21315\desktop\leanopengl\leanopengl\leanopengl\glad.c(329): error C2059: 语法错误:“;”
c:\users\21315\desktop\leanopengl\leanopengl\leanopengl\glad.c(329): error C2513: “ ”: 在“=”前没有声明变量
c:\users\21315\desktop\leanopengl\leanopengl\leanopengl\glad.c(330): error C2061: 语法错误: 标识符“glad_glColor3ui”
c:\users\21315\desktop\leanopengl\leanopengl\leanopengl\glad.c(330): error C2059: 语法错误:“;”
c:\users\21315\desktop\leanopengl\leanopengl\leanopengl\glad.c(330): error C2513: “ ”: 在“=”前没有声明变量
c:\users\21315\desktop\leanopengl\leanopengl\leanopengl\glad.c(331): error C2061: 语法错误: 标识符“glad_glColor3uiv”
c:\users\21315\desktop\leanopengl\leanopengl\leanopengl\glad.c(331): error C2059: 语法错误:“;”
c:\users\21315\desktop\leanopengl\leanopengl\leanopengl\glad.c(331): error C2513: “ ”: 在“=”前没有声明变量
c:\users\21315\desktop\leanopengl\leanopengl\leanopengl\glad.c(332): error C2061: 语法错误: 标识符“glad_glColor3us”
c:\users\21315\desktop\leanopengl\leanopengl\leanopengl\glad.c(332): error C2059: 语法错误:“;”
c:\users\21315\desktop\leanopengl\leanopengl\leanopengl\glad.c(332): error C2513: “ ”: 在“=”前没有声明变量
c:\users\21315\desktop\leanopengl\leanopengl\leanopengl\glad.c(333): error C2061: 语法错误: 标识符“glad_glColor3usv”
c:\users\21315\desktop\leanopengl\leanopengl\leanopengl\glad.c(333): error C2059: 语法错误:“;”
c:\users\21315\desktop\leanopengl\leanopengl\leanopengl\glad.c(333): error C2513: “ ”: 在“=”前没有声明变量
c:\users\21315\desktop\leanopengl\leanopengl\leanopengl\glad.c(334): error C2061: 语法错误: 标识符“glad_glColor4b”
c:\users\21315\desktop\leanopengl\leanopengl\leanopengl\glad.c(334): error C2059: 语法错误:“;”
c:\users\21315\desktop\leanopengl\leanopengl\leanopengl\glad.c(334): error C2513: “ ”: 在“=”前没有声明变量
c:\users\21315\desktop\leanopengl\leanopengl\leanopengl\glad.c(335): error C2061: 语法错误: 标识符“glad_glColor4bv”
c:\users\21315\desktop\leanopengl\leanopengl\leanopengl\glad.c(335): error C2059: 语法错误:“;”
c:\users\21315\desktop\leanopengl\leanopengl\leanopengl\glad.c(335): error C2513: “ ”: 在“=”前没有声明变量
c:\users\21315\desktop\leanopengl\leanopengl\leanopengl\glad.c(336): error C2061: 语法错误: 标识符“glad_glColor4d”
c:\users\21315\desktop\leanopengl\leanopengl\leanopengl\glad.c(336): error C2059: 语法错误:“;”
c:\users\21315\desktop\leanopengl\leanopengl\leanopengl\glad.c(336): error C2513: “ ”: 在“=”前没有声明变量
c:\users\21315\desktop\leanopengl\leanopengl\leanopengl\glad.c(337): error C2061: 语法错误: 标识符“glad_glColor4dv”
c:\users\21315\desktop\leanopengl\leanopengl\leanopengl\glad.c(337): error C2059: 语法错误:“;”
c:\users\21315\desktop\leanopengl\leanopengl\leanopengl\glad.c(337): error C2513: “ ”: 在“=”前没有声明变量
c:\users\21315\desktop\leanopengl\leanopengl\leanopengl\glad.c(338): error C2061: 语法错误: 标识符“glad_glColor4f”
c:\users\21315\desktop\leanopengl\leanopengl\leanopengl\glad.c(338): error C2059: 语法错误:“;”
c:\users\21315\desktop\leanopengl\leanopengl\leanopengl\glad.c(338): error C2513: “ ”: 在“=”前没有声明变量
c:\users\21315\desktop\leanopengl\leanopengl\leanopengl\glad.c(339): error C2061: 语法错误: 标识符“glad_glColor4fv”
c:\users\21315\desktop\leanopengl\leanopengl\leanopengl\glad.c(339): error C2059: 语法错误:“;”
c:\users\21315\desktop\leanopengl\leanopengl\leanopengl\glad.c(339): fatal error C1003: 错误计数超过 100；正在停止编译
